<?xml version="1.0" encoding="UTF-8"?>
<beans xmlns="http://www.springframework.org/schema/beans" xmlns:xsi="http://www.w3.org/2001/XMLSchema-instance" xmlns:context="http://www.springframework.org/schema/context"
    xmlns:util="http://www.springframework.org/schema/util"
    xsi:schemaLocation="http://www.springframework.org/schema/beans http://www.springframework.org/schema/beans/spring-beans-4.0.xsd
        http://www.springframework.org/schema/context http://www.springframework.org/schema/context/spring-context-4.0.xsd
        http://www.springframework.org/schema/util http://www.springframework.org/schema/util/spring-util-4.0.xsd">



    <!-- <util:properties id="params" location="classpath:param.properties" /> -->

    <context:property-placeholder ignore-unresolvable="true" location="classpath:param.properties" />

    <context:component-scan base-package="com.itmuch.platform,com.itmuch.core">
        <context:exclude-filter type="annotation" expression="org.springframework.stereotype.Controller" />
    </context:component-scan>

    <!-- <bean id="propertyConfigurer" class="org.springframework.beans.factory.config.PropertyPlaceholderConfigurer">
        <property name="locations">
        <list>
        <value>classpath:param.properties</value>
        </list>
        </property>
        </bean> -->

    <import resource="classpath*:test-beans-*.xml" />
    <import resource="classpath*:config/test-beans-*.xml" />

</beans>