<?xml version="1.0" encoding="UTF-8"?>
<beans xmlns="http://www.springframework.org/schema/beans" xmlns:xsi="http://www.w3.org/2001/XMLSchema-instance" xmlns:aop="http://www.springframework.org/schema/aop"
    xmlns:context="http://www.springframework.org/schema/context" xmlns:jdbc="http://www.springframework.org/schema/jdbc" xmlns:tx="http://www.springframework.org/schema/tx"
    xmlns:jpa="http://www.springframework.org/schema/data/jpa"
    xsi:schemaLocation="
        http://www.springframework.org/schema/beans http://www.springframework.org/schema/beans/spring-beans-4.0.xsd
        http://www.springframework.org/schema/aop http://www.springframework.org/schema/aop/spring-aop-4.0.xsd
        http://www.springframework.org/schema/context http://www.springframework.org/schema/context/spring-context-4.0.xsd
        http://www.springframework.org/schema/jdbc http://www.springframework.org/schema/jdbc/spring-jdbc-4.0.xsd
        http://www.springframework.org/schema/tx http://www.springframework.org/schema/tx/spring-tx-4.0.xsd
        http://www.springframework.org/schema/data/jpa http://www.springframework.org/schema/data/jpa/spring-jpa-1.3.xsd"
    default-lazy-init="true">

    <!-- transaction manager, use JtaTransactionManager for global tx -->
    <bean id="transactionManager" class="org.springframework.jdbc.datasource.DataSourceTransactionManager">
        <property name="dataSource" ref="dataSource" />
    </bean>

    <tx:advice id="txAdvice" transaction-manager="transactionManager">
        <tx:attributes>
            <tx:method name="get*" read-only="true" />
            <tx:method name="set*" read-only="true" />
            <tx:method name="query*" read-only="true" />
            <tx:method name="find*" read-only="true" />
            <tx:method name="load*" read-only="true" />
            <tx:method name="count*" read-only="true" />
            <tx:method name="select*" read-only="true" />
            <tx:method name="save*" rollback-for="Exception" />
            <tx:method name="add*" rollback-for="Exception" />
            <tx:method name="insert*" rollback-for="Exception" />
            <tx:method name="update*" rollback-for="Exception" />
            <tx:method name="delete*" rollback-for="Exception" />
            <tx:method name="merage*" rollback-for="Exception" />
            <tx:method name="create*" rollback-for="Exception" />
            <tx:method name="*" rollback-for="Exception" />
        </tx:attributes>
    </tx:advice>

    <aop:config>
        <aop:pointcut id="busiOperation" expression="execution(* com.itmuch.platform.*.service.*.*(..))" />
        <aop:advisor advice-ref="txAdvice" pointcut-ref="busiOperation" />
    </aop:config>
    
    <!-- 全annotation配置springMVC的方法（事务不失效) http://icanfly.iteye.com/blog/778401 -->
</beans>
